[2020-07-31 08:03:40] codecanyon.ERROR: Expected response code 220 but got an empty response {"exception":"[object] (Swift_TransportException(code: 0): Expected response code 220 but got an empty response at /var/www/html/ClientManagment/ClientManagment/codecanyon-23263417-worksuite-saas-project-management-system/vendor/swiftmailer/swiftmailer/lib/classes/Swift/Transport/AbstractSmtpTransport.php:445)
[stacktrace]
#0 /var/www/html/ClientManagment/ClientManagment/codecanyon-23263417-worksuite-saas-project-management-system/vendor/swiftmailer/swiftmailer/lib/classes/Swift/Transport/AbstractSmtpTransport.php(358): Swift_Transport_AbstractSmtpTransport->assertResponseCode('', Array)
#1 /var/www/html/ClientManagment/ClientManagment/codecanyon-23263417-worksuite-saas-project-management-system/vendor/swiftmailer/swiftmailer/lib/classes/Swift/Transport/AbstractSmtpTransport.php(147): Swift_Transport_AbstractSmtpTransport->readGreeting()
#2 /var/www/html/ClientManagment/ClientManagment/codecanyon-23263417-worksuite-saas-project-management-system/vendor/swiftmailer/swiftmailer/lib/classes/Swift/Transport/SendmailTransport.php(50): Swift_Transport_AbstractSmtpTransport->start()
#3 /var/www/html/ClientManagment/ClientManagment/codecanyon-23263417-worksuite-saas-project-management-system/vendor/swiftmailer/swiftmailer/lib/classes/Swift/Mailer.php(65): Swift_Transport_SendmailTransport->start()
#4 /var/www/html/ClientManagment/ClientManagment/codecanyon-23263417-worksuite-saas-project-management-system/vendor/laravel/framework/src/Illuminate/Mail/Mailer.php(486): Swift_Mailer->send(Object(Swift_Message), Array)
#5 /var/www/html/ClientManagment/ClientManagment/codecanyon-23263417-worksuite-saas-project-management-system/vendor/laravel/framework/src/Illuminate/Mail/Mailer.php(261): Illuminate\\Mail\\Mailer->sendSwiftMessage(Object(Swift_Message))
#6 /var/www/html/ClientManagment/ClientManagment/codecanyon-23263417-worksuite-saas-project-management-system/vendor/laravel/framework/src/Illuminate/Notifications/Channels/MailChannel.php(65): Illuminate\\Mail\\Mailer->send(Object(Illuminate\\Support\\HtmlString), Array, Object(Closure))
#7 /var/www/html/ClientManagment/ClientManagment/codecanyon-23263417-worksuite-saas-project-management-system/vendor/laravel/framework/src/Illuminate/Notifications/NotificationSender.php(146): Illuminate\\Notifications\\Channels\\MailChannel->send(Object(App\\User), Object(App\\Notifications\\NewCompanyRegister))
#8 /var/www/html/ClientManagment/ClientManagment/codecanyon-23263417-worksuite-saas-project-management-system/vendor/laravel/framework/src/Illuminate/Notifications/NotificationSender.php(105): Illuminate\\Notifications\\NotificationSender->sendToNotifiable(Object(App\\User), 'dc51499d-f0af-4...', Object(App\\Notifications\\NewCompanyRegister), 'mail')
#9 /var/www/html/ClientManagment/ClientManagment/codecanyon-23263417-worksuite-saas-project-management-system/vendor/laravel/framework/src/Illuminate/Support/Traits/Localizable.php(19): Illuminate\\Notifications\\NotificationSender->Illuminate\\Notifications\\{closure}()
#10 /var/www/html/ClientManagment/ClientManagment/codecanyon-23263417-worksuite-saas-project-management-system/vendor/laravel/framework/src/Illuminate/Notifications/NotificationSender.php(107): Illuminate\\Notifications\\NotificationSender->withLocale(NULL, Object(Closure))
#11 /var/www/html/ClientManagment/ClientManagment/codecanyon-23263417-worksuite-saas-project-management-system/vendor/laravel/framework/src/Illuminate/Notifications/ChannelManager.php(54): Illuminate\\Notifications\\NotificationSender->sendNow(Object(Illuminate\\Database\\Eloquent\\Collection), Object(App\\Notifications\\NewCompanyRegister), Array)
#12 /var/www/html/ClientManagment/ClientManagment/codecanyon-23263417-worksuite-saas-project-management-system/vendor/laravel/framework/src/Illuminate/Notifications/SendQueuedNotifications.php(74): Illuminate\\Notifications\\ChannelManager->sendNow(Object(App\\User), Object(App\\Notifications\\NewCompanyRegister), Array)
#13 [internal function]: Illuminate\\Notifications\\SendQueuedNotifications->handle(Object(Illuminate\\Notifications\\ChannelManager))
#14 /var/www/html/ClientManagment/ClientManagment/codecanyon-23263417-worksuite-saas-project-management-system/vendor/laravel/framework/src/Illuminate/Container/BoundMethod.php(32): call_user_func_array(Array, Array)
#15 /var/www/html/ClientManagment/ClientManagment/codecanyon-23263417-worksuite-saas-project-management-system/vendor/laravel/framework/src/Illuminate/Container/Util.php(36): Illuminate\\Container\\BoundMethod::Illuminate\\Container\\{closure}()
#16 /var/www/html/ClientManagment/ClientManagment/codecanyon-23263417-worksuite-saas-project-management-system/vendor/laravel/framework/src/Illuminate/Container/BoundMethod.php(90): Illuminate\\Container\\Util::unwrapIfClosure(Object(Closure))
#17 /var/www/html/ClientManagment/ClientManagment/codecanyon-23263417-worksuite-saas-project-management-system/vendor/laravel/framework/src/Illuminate/Container/BoundMethod.php(34): Illuminate\\Container\\BoundMethod::callBoundMethod(Object(Illuminate\\Foundation\\Application), Array, Object(Closure))
#18 /var/www/html/ClientManagment/ClientManagment/codecanyon-23263417-worksuite-saas-project-management-system/vendor/laravel/framework/src/Illuminate/Container/Container.php(590): Illuminate\\Container\\BoundMethod::call(Object(Illuminate\\Foundation\\Application), Array, Array, NULL)
#19 /var/www/html/ClientManagment/ClientManagment/codecanyon-23263417-worksuite-saas-project-management-system/vendor/laravel/framework/src/Illuminate/Bus/Dispatcher.php(94): Illuminate\\Container\\Container->call(Array)
#20 /var/www/html/ClientManagment/ClientManagment/codecanyon-23263417-worksuite-saas-project-management-system/vendor/laravel/framework/src/Illuminate/Pipeline/Pipeline.php(130): Illuminate\\Bus\\Dispatcher->Illuminate\\Bus\\{closure}(Object(Illuminate\\Notifications\\SendQueuedNotifications))
#21 /var/www/html/ClientManagment/ClientManagment/codecanyon-23263417-worksuite-saas-project-management-system/vendor/laravel/framework/src/Illuminate/Pipeline/Pipeline.php(105): Illuminate\\Pipeline\\Pipeline->Illuminate\\Pipeline\\{closure}(Object(Illuminate\\Notifications\\SendQueuedNotifications))
#22 /var/www/html/ClientManagment/ClientManagment/codecanyon-23263417-worksuite-saas-project-management-system/vendor/laravel/framework/src/Illuminate/Bus/Dispatcher.php(98): Illuminate\\Pipeline\\Pipeline->then(Object(Closure))
#23 /var/www/html/ClientManagment/ClientManagment/codecanyon-23263417-worksuite-saas-project-management-system/vendor/laravel/framework/src/Illuminate/Queue/CallQueuedHandler.php(83): Illuminate\\Bus\\Dispatcher->dispatchNow(Object(Illuminate\\Notifications\\SendQueuedNotifications), false)
#24 /var/www/html/ClientManagment/ClientManagment/codecanyon-23263417-worksuite-saas-project-management-system/vendor/laravel/framework/src/Illuminate/Pipeline/Pipeline.php(130): Illuminate\\Queue\\CallQueuedHandler->Illuminate\\Queue\\{closure}(Object(Illuminate\\Notifications\\SendQueuedNotifications))
#25 /var/www/html/ClientManagment/ClientManagment/codecanyon-23263417-worksuite-saas-project-management-system/vendor/laravel/framework/src/Illuminate/Pipeline/Pipeline.php(105): Illuminate\\Pipeline\\Pipeline->Illuminate\\Pipeline\\{closure}(Object(Illuminate\\Notifications\\SendQueuedNotifications))
#26 /var/www/html/ClientManagment/ClientManagment/codecanyon-23263417-worksuite-saas-project-management-system/vendor/laravel/framework/src/Illuminate/Queue/CallQueuedHandler.php(85): Illuminate\\Pipeline\\Pipeline->then(Object(Closure))
#27 /var/www/html/ClientManagment/ClientManagment/codecanyon-23263417-worksuite-saas-project-management-system/vendor/laravel/framework/src/Illuminate/Queue/CallQueuedHandler.php(59): Illuminate\\Queue\\CallQueuedHandler->dispatchThroughMiddleware(Object(Illuminate\\Queue\\Jobs\\SyncJob), Object(Illuminate\\Notifications\\SendQueuedNotifications))
#28 /var/www/html/ClientManagment/ClientManagment/codecanyon-23263417-worksuite-saas-project-management-system/vendor/laravel/framework/src/Illuminate/Queue/Jobs/Job.php(88): Illuminate\\Queue\\CallQueuedHandler->call(Object(Illuminate\\Queue\\Jobs\\SyncJob), Array)
#29 /var/www/html/ClientManagment/ClientManagment/codecanyon-23263417-worksuite-saas-project-management-system/vendor/laravel/framework/src/Illuminate/Queue/SyncQueue.php(45): Illuminate\\Queue\\Jobs\\Job->fire()
#30 /var/www/html/ClientManagment/ClientManagment/codecanyon-23263417-worksuite-saas-project-management-system/vendor/laravel/framework/src/Illuminate/Bus/Dispatcher.php(184): Illuminate\\Queue\\SyncQueue->push(Object(Illuminate\\Notifications\\SendQueuedNotifications))
#31 /var/www/html/ClientManagment/ClientManagment/codecanyon-23263417-worksuite-saas-project-management-system/vendor/laravel/framework/src/Illuminate/Bus/Dispatcher.php(160): Illuminate\\Bus\\Dispatcher->pushCommandToQueue(Object(Illuminate\\Queue\\SyncQueue), Object(Illuminate\\Notifications\\SendQueuedNotifications))
#32 /var/www/html/ClientManagment/ClientManagment/codecanyon-23263417-worksuite-saas-project-management-system/vendor/laravel/framework/src/Illuminate/Bus/Dispatcher.php(73): Illuminate\\Bus\\Dispatcher->dispatchToQueue(Object(Illuminate\\Notifications\\SendQueuedNotifications))
#33 /var/www/html/ClientManagment/ClientManagment/codecanyon-23263417-worksuite-saas-project-management-system/vendor/laravel/framework/src/Illuminate/Notifications/NotificationSender.php(201): Illuminate\\Bus\\Dispatcher->dispatch(Object(Illuminate\\Notifications\\SendQueuedNotifications))
#34 /var/www/html/ClientManagment/ClientManagment/codecanyon-23263417-worksuite-saas-project-management-system/vendor/laravel/framework/src/Illuminate/Notifications/NotificationSender.php(76): Illuminate\\Notifications\\NotificationSender->queueNotification(Object(Illuminate\\Database\\Eloquent\\Collection), Object(App\\Notifications\\NewCompanyRegister))
#35 /var/www/html/ClientManagment/ClientManagment/codecanyon-23263417-worksuite-saas-project-management-system/vendor/laravel/framework/src/Illuminate/Notifications/ChannelManager.php(39): Illuminate\\Notifications\\NotificationSender->send(Object(Illuminate\\Database\\Eloquent\\Collection), Object(App\\Notifications\\NewCompanyRegister))
#36 /var/www/html/ClientManagment/ClientManagment/codecanyon-23263417-worksuite-saas-project-management-system/vendor/laravel/framework/src/Illuminate/Support/Facades/Facade.php(261): Illuminate\\Notifications\\ChannelManager->send(Object(Illuminate\\Database\\Eloquent\\Collection), Object(App\\Notifications\\NewCompanyRegister))
#37 /var/www/html/ClientManagment/ClientManagment/codecanyon-23263417-worksuite-saas-project-management-system/app/Listeners/CompanyRegisteredListener.php(33): Illuminate\\Support\\Facades\\Facade::__callStatic('send', Array)
#38 [internal function]: App\\Listeners\\CompanyRegisteredListener->handle(Object(App\\Events\\CompanyRegistered))
#39 /var/www/html/ClientManagment/ClientManagment/codecanyon-23263417-worksuite-saas-project-management-system/vendor/laravel/framework/src/Illuminate/Events/Dispatcher.php(369): call_user_func_array(Array, Array)
#40 /var/www/html/ClientManagment/ClientManagment/codecanyon-23263417-worksuite-saas-project-management-system/vendor/laravel/framework/src/Illuminate/Events/Dispatcher.php(199): Illuminate\\Events\\Dispatcher->Illuminate\\Events\\{closure}('App\\\\Events\\\\Comp...', Array)
#41 /var/www/html/ClientManagment/ClientManagment/codecanyon-23263417-worksuite-saas-project-management-system/vendor/laravel/framework/src/Illuminate/Foundation/helpers.php(482): Illuminate\\Events\\Dispatcher->dispatch('App\\\\Events\\\\Comp...')
#42 /var/www/html/ClientManagment/ClientManagment/codecanyon-23263417-worksuite-saas-project-management-system/app/Observers/CompanyObserver.php(102): event(Object(App\\Events\\CompanyRegistered))
#43 [internal function]: App\\Observers\\CompanyObserver->created(Object(App\\Company))
#44 /var/www/html/ClientManagment/ClientManagment/codecanyon-23263417-worksuite-saas-project-management-system/vendor/laravel/framework/src/Illuminate/Events/Dispatcher.php(369): call_user_func_array(Array, Array)
#45 /var/www/html/ClientManagment/ClientManagment/codecanyon-23263417-worksuite-saas-project-management-system/vendor/laravel/framework/src/Illuminate/Events/Dispatcher.php(199): Illuminate\\Events\\Dispatcher->Illuminate\\Events\\{closure}('eloquent.create...', Array)
#46 /var/www/html/ClientManagment/ClientManagment/codecanyon-23263417-worksuite-saas-project-management-system/vendor/laravel/framework/src/Illuminate/Database/Eloquent/Concerns/HasEvents.php(188): Illuminate\\Events\\Dispatcher->dispatch('eloquent.create...', Array)
#47 /var/www/html/ClientManagment/ClientManagment/codecanyon-23263417-worksuite-saas-project-management-system/vendor/laravel/framework/src/Illuminate/Database/Eloquent/Model.php(825): Illuminate\\Database\\Eloquent\\Model->fireModelEvent('created', false)
#48 /var/www/html/ClientManagment/ClientManagment/codecanyon-23263417-worksuite-saas-project-management-system/vendor/laravel/framework/src/Illuminate/Database/Eloquent/Model.php(667): Illuminate\\Database\\Eloquent\\Model->performInsert(Object(Illuminate\\Database\\Eloquent\\Builder))
#49 /var/www/html/ClientManagment/ClientManagment/codecanyon-23263417-worksuite-saas-project-management-system/vendor/froiden/laravel-rest-api/src/ApiModel.php(313): Illuminate\\Database\\Eloquent\\Model->save(Array)
#50 /var/www/html/ClientManagment/ClientManagment/codecanyon-23263417-worksuite-saas-project-management-system/app/Http/Controllers/Front/RegisterController.php(53): Froiden\\RestAPI\\ApiModel->save()
#51 [internal function]: App\\Http\\Controllers\\Front\\RegisterController->store(Object(App\\Http\\Requests\\Front\\Register\\StoreRequest))
#52 /var/www/html/ClientManagment/ClientManagment/codecanyon-23263417-worksuite-saas-project-management-system/vendor/laravel/framework/src/Illuminate/Routing/Controller.php(54): call_user_func_array(Array, Array)
#53 /var/www/html/ClientManagment/ClientManagment/codecanyon-23263417-worksuite-saas-project-management-system/vendor/laravel/framework/src/Illuminate/Routing/ControllerDispatcher.php(45): Illuminate\\Routing\\Controller->callAction('store', Array)
#54 /var/www/html/ClientManagment/ClientManagment/codecanyon-23263417-worksuite-saas-project-management-system/vendor/laravel/framework/src/Illuminate/Routing/Route.php(219): Illuminate\\Routing\\ControllerDispatcher->dispatch(Object(Illuminate\\Routing\\Route), Object(App\\Http\\Controllers\\Front\\RegisterController), 'store')
#55 /var/www/html/ClientManagment/ClientManagment/codecanyon-23263417-worksuite-saas-project-management-system/vendor/laravel/framework/src/Illuminate/Routing/Route.php(176): Illuminate\\Routing\\Route->runController()
#56 /var/www/html/ClientManagment/ClientManagment/codecanyon-23263417-worksuite-saas-project-management-system/vendor/laravel/framework/src/Illuminate/Routing/Router.php(681): Illuminate\\Routing\\Route->run()
#57 /var/www/html/ClientManagment/ClientManagment/codecanyon-23263417-worksuite-saas-project-management-system/vendor/laravel/framework/src/Illuminate/Pipeline/Pipeline.php(130): Illuminate\\Routing\\Router->Illuminate\\Routing\\{closure}(Object(Illuminate\\Http\\Request))
#58 /var/www/html/ClientManagment/ClientManagment/codecanyon-23263417-worksuite-saas-project-management-system/app/Http/Controllers/Controller.php(42): Illuminate\\Pipeline\\Pipeline->Illuminate\\Pipeline\\{closure}(Object(Illuminate\\Http\\Request))
#59 /var/www/html/ClientManagment/ClientManagment/codecanyon-23263417-worksuite-saas-project-management-system/vendor/laravel/framework/src/Illuminate/Pipeline/Pipeline.php(153): App\\Http\\Controllers\\Controller->App\\Http\\Controllers\\{closure}(Object(Illuminate\\Http\\Request), Object(Closure))
#60 /var/www/html/ClientManagment/ClientManagment/codecanyon-23263417-worksuite-saas-project-management-system/vendor/barryvdh/laravel-cors/src/HandleCors.php(36): Illuminate\\Pipeline\\Pipeline->Illuminate\\Pipeline\\{closure}(Object(Illuminate\\Http\\Request))
#61 /var/www/html/ClientManagment/ClientManagment/codecanyon-23263417-worksuite-saas-project-management-system/vendor/laravel/framework/src/Illuminate/Pipeline/Pipeline.php(171): Barryvdh\\Cors\\HandleCors->handle(Object(Illuminate\\Http\\Request), Object(Closure))
#62 /var/www/html/ClientManagment/ClientManagment/codecanyon-23263417-worksuite-saas-project-management-system/vendor/laravel/framework/src/Illuminate/Routing/Middleware/SubstituteBindings.php(41): Illuminate\\Pipeline\\Pipeline->Illuminate\\Pipeline\\{closure}(Object(Illuminate\\Http\\Request))
#63 /var/www/html/ClientManagment/ClientManagment/codecanyon-23263417-worksuite-saas-project-management-system/vendor/laravel/framework/src/Illuminate/Pipeline/Pipeline.php(171): Illuminate\\Routing\\Middleware\\SubstituteBindings->handle(Object(Illuminate\\Http\\Request), Object(Closure))
#64 /var/www/html/ClientManagment/ClientManagment/codecanyon-23263417-worksuite-saas-project-management-system/vendor/laravel/framework/src/Illuminate/Foundation/Http/Middleware/VerifyCsrfToken.php(76): Illuminate\\Pipeline\\Pipeline->Illuminate\\Pipeline\\{closure}(Object(Illuminate\\Http\\Request))
#65 /var/www/html/ClientManagment/ClientManagment/codecanyon-23263417-worksuite-saas-project-management-system/vendor/laravel/framework/src/Illuminate/Pipeline/Pipeline.php(171): Illuminate\\Foundation\\Http\\Middleware\\VerifyCsrfToken->handle(Object(Illuminate\\Http\\Request), Object(Closure))
#66 /var/www/html/ClientManagment/ClientManagment/codecanyon-23263417-worksuite-saas-project-management-system/vendor/laravel/framework/src/Illuminate/View/Middleware/ShareErrorsFromSession.php(49): Illuminate\\Pipeline\\Pipeline->Illuminate\\Pipeline\\{closure}(Object(Illuminate\\Http\\Request))
#67 /var/www/html/ClientManagment/ClientManagment/codecanyon-23263417-worksuite-saas-project-management-system/vendor/laravel/framework/src/Illuminate/Pipeline/Pipeline.php(171): Illuminate\\View\\Middleware\\ShareErrorsFromSession->handle(Object(Illuminate\\Http\\Request), Object(Closure))
#68 /var/www/html/ClientManagment/ClientManagment/codecanyon-23263417-worksuite-saas-project-management-system/vendor/laravel/framework/src/Illuminate/Session/Middleware/StartSession.php(56): Illuminate\\Pipeline\\Pipeline->Illuminate\\Pipeline\\{closure}(Object(Illuminate\\Http\\Request))
#69 /var/www/html/ClientManagment/ClientManagment/codecanyon-23263417-worksuite-saas-project-management-system/vendor/laravel/framework/src/Illuminate/Pipeline/Pipeline.php(171): Illuminate\\Session\\Middleware\\StartSession->handle(Object(Illuminate\\Http\\Request), Object(Closure))
#70 /var/www/html/ClientManagment/ClientManagment/codecanyon-23263417-worksuite-saas-project-management-system/vendor/laravel/framework/src/Illuminate/Cookie/Middleware/AddQueuedCookiesToResponse.php(37): Illuminate\\Pipeline\\Pipeline->Illuminate\\Pipeline\\{closure}(Object(Illuminate\\Http\\Request))
#71 /var/www/html/ClientManagment/ClientManagment/codecanyon-23263417-worksuite-saas-project-management-system/vendor/laravel/framework/src/Illuminate/Pipeline/Pipeline.php(171): Illuminate\\Cookie\\Middleware\\AddQueuedCookiesToResponse->handle(Object(Illuminate\\Http\\Request), Object(Closure))
#72 /var/www/html/ClientManagment/ClientManagment/codecanyon-23263417-worksuite-saas-project-management-system/vendor/laravel/framework/src/Illuminate/Cookie/Middleware/EncryptCookies.php(66): Illuminate\\Pipeline\\Pipeline->Illuminate\\Pipeline\\{closure}(Object(Illuminate\\Http\\Request))
#73 /var/www/html/ClientManagment/ClientManagment/codecanyon-23263417-worksuite-saas-project-management-system/vendor/laravel/framework/src/Illuminate/Pipeline/Pipeline.php(171): Illuminate\\Cookie\\Middleware\\EncryptCookies->handle(Object(Illuminate\\Http\\Request), Object(Closure))
#74 /var/www/html/ClientManagment/ClientManagment/codecanyon-23263417-worksuite-saas-project-management-system/vendor/laravel/framework/src/Illuminate/Pipeline/Pipeline.php(105): Illuminate\\Pipeline\\Pipeline->Illuminate\\Pipeline\\{closure}(Object(Illuminate\\Http\\Request))
#75 /var/www/html/ClientManagment/ClientManagment/codecanyon-23263417-worksuite-saas-project-management-system/vendor/laravel/framework/src/Illuminate/Routing/Router.php(683): Illuminate\\Pipeline\\Pipeline->then(Object(Closure))
#76 /var/www/html/ClientManagment/ClientManagment/codecanyon-23263417-worksuite-saas-project-management-system/vendor/laravel/framework/src/Illuminate/Routing/Router.php(658): Illuminate\\Routing\\Router->runRouteWithinStack(Object(Illuminate\\Routing\\Route), Object(Illuminate\\Http\\Request))
#77 /var/www/html/ClientManagment/ClientManagment/codecanyon-23263417-worksuite-saas-project-management-system/vendor/laravel/framework/src/Illuminate/Routing/Router.php(624): Illuminate\\Routing\\Router->runRoute(Object(Illuminate\\Http\\Request), Object(Illuminate\\Routing\\Route))
#78 /var/www/html/ClientManagment/ClientManagment/codecanyon-23263417-worksuite-saas-project-management-system/vendor/laravel/framework/src/Illuminate/Routing/Router.php(613): Illuminate\\Routing\\Router->dispatchToRoute(Object(Illuminate\\Http\\Request))
#79 /var/www/html/ClientManagment/ClientManagment/codecanyon-23263417-worksuite-saas-project-management-system/vendor/laravel/framework/src/Illuminate/Foundation/Http/Kernel.php(170): Illuminate\\Routing\\Router->dispatch(Object(Illuminate\\Http\\Request))
#80 /var/www/html/ClientManagment/ClientManagment/codecanyon-23263417-worksuite-saas-project-management-system/vendor/laravel/framework/src/Illuminate/Pipeline/Pipeline.php(130): Illuminate\\Foundation\\Http\\Kernel->Illuminate\\Foundation\\Http\\{closure}(Object(Illuminate\\Http\\Request))
#81 /var/www/html/ClientManagment/ClientManagment/codecanyon-23263417-worksuite-saas-project-management-system/vendor/barryvdh/laravel-debugbar/src/Middleware/InjectDebugbar.php(58): Illuminate\\Pipeline\\Pipeline->Illuminate\\Pipeline\\{closure}(Object(Illuminate\\Http\\Request))
#82 /var/www/html/ClientManagment/ClientManagment/codecanyon-23263417-worksuite-saas-project-management-system/vendor/laravel/framework/src/Illuminate/Pipeline/Pipeline.php(171): Barryvdh\\Debugbar\\Middleware\\InjectDebugbar->handle(Object(Illuminate\\Http\\Request), Object(Closure))
#83 /var/www/html/ClientManagment/ClientManagment/codecanyon-23263417-worksuite-saas-project-management-system/vendor/laravel/framework/src/Illuminate/Foundation/Http/Middleware/TransformsRequest.php(21): Illuminate\\Pipeline\\Pipeline->Illuminate\\Pipeline\\{closure}(Object(Illuminate\\Http\\Request))
#84 /var/www/html/ClientManagment/ClientManagment/codecanyon-23263417-worksuite-saas-project-management-system/vendor/laravel/framework/src/Illuminate/Pipeline/Pipeline.php(171): Illuminate\\Foundation\\Http\\Middleware\\TransformsRequest->handle(Object(Illuminate\\Http\\Request), Object(Closure))
#85 /var/www/html/ClientManagment/ClientManagment/codecanyon-23263417-worksuite-saas-project-management-system/vendor/laravel/framework/src/Illuminate/Foundation/Http/Middleware/TransformsRequest.php(21): Illuminate\\Pipeline\\Pipeline->Illuminate\\Pipeline\\{closure}(Object(Illuminate\\Http\\Request))
#86 /var/www/html/ClientManagment/ClientManagment/codecanyon-23263417-worksuite-saas-project-management-system/vendor/laravel/framework/src/Illuminate/Pipeline/Pipeline.php(171): Illuminate\\Foundation\\Http\\Middleware\\TransformsRequest->handle(Object(Illuminate\\Http\\Request), Object(Closure))
#87 /var/www/html/ClientManagment/ClientManagment/codecanyon-23263417-worksuite-saas-project-management-system/vendor/laravel/framework/src/Illuminate/Foundation/Http/Middleware/ValidatePostSize.php(27): Illuminate\\Pipeline\\Pipeline->Illuminate\\Pipeline\\{closure}(Object(Illuminate\\Http\\Request))
#88 /var/www/html/ClientManagment/ClientManagment/codecanyon-23263417-worksuite-saas-project-management-system/vendor/laravel/framework/src/Illuminate/Pipeline/Pipeline.php(171): Illuminate\\Foundation\\Http\\Middleware\\ValidatePostSize->handle(Object(Illuminate\\Http\\Request), Object(Closure))
#89 /var/www/html/ClientManagment/ClientManagment/codecanyon-23263417-worksuite-saas-project-management-system/vendor/laravel/framework/src/Illuminate/Foundation/Http/Middleware/CheckForMaintenanceMode.php(63): Illuminate\\Pipeline\\Pipeline->Illuminate\\Pipeline\\{closure}(Object(Illuminate\\Http\\Request))
#90 /var/www/html/ClientManagment/ClientManagment/codecanyon-23263417-worksuite-saas-project-management-system/vendor/laravel/framework/src/Illuminate/Pipeline/Pipeline.php(171): Illuminate\\Foundation\\Http\\Middleware\\CheckForMaintenanceMode->handle(Object(Illuminate\\Http\\Request), Object(Closure))
#91 /var/www/html/ClientManagment/ClientManagment/codecanyon-23263417-worksuite-saas-project-management-system/vendor/barryvdh/laravel-cors/src/HandlePreflight.php(29): Illuminate\\Pipeline\\Pipeline->Illuminate\\Pipeline\\{closure}(Object(Illuminate\\Http\\Request))
#92 /var/www/html/ClientManagment/ClientManagment/codecanyon-23263417-worksuite-saas-project-management-system/vendor/laravel/framework/src/Illuminate/Pipeline/Pipeline.php(171): Barryvdh\\Cors\\HandlePreflight->handle(Object(Illuminate\\Http\\Request), Object(Closure))
#93 /var/www/html/ClientManagment/ClientManagment/codecanyon-23263417-worksuite-saas-project-management-system/vendor/laravel/framework/src/Illuminate/Pipeline/Pipeline.php(105): Illuminate\\Pipeline\\Pipeline->Illuminate\\Pipeline\\{closure}(Object(Illuminate\\Http\\Request))
#94 /var/www/html/ClientManagment/ClientManagment/codecanyon-23263417-worksuite-saas-project-management-system/vendor/laravel/framework/src/Illuminate/Foundation/Http/Kernel.php(145): Illuminate\\Pipeline\\Pipeline->then(Object(Closure))
#95 /var/www/html/ClientManagment/ClientManagment/codecanyon-23263417-worksuite-saas-project-management-system/vendor/laravel/framework/src/Illuminate/Foundation/Http/Kernel.php(110): Illuminate\\Foundation\\Http\\Kernel->sendRequestThroughRouter(Object(Illuminate\\Http\\Request))
#96 /var/www/html/ClientManagment/ClientManagment/codecanyon-23263417-worksuite-saas-project-management-system/public/index.php(88): Illuminate\\Foundation\\Http\\Kernel->handle(Object(Illuminate\\Http\\Request))
#97 /var/www/html/ClientManagment/ClientManagment/codecanyon-23263417-worksuite-saas-project-management-system/server.php(21): require_once('/var/www/html/C...')
#98 {main}
"} 
